<?xml version="1.0" encoding="UTF-8"?>
<!-- Generated by org.testng.reporters.JUnitReportReporter -->
<testsuite hostname="DESKTOP-BV3JCNJ" failures="0" tests="1" name="sep21_TestNG.NewTest" time="0.001" errors="0" timestamp="2021-10-02T00:19:47 IST" skipped="0">
  <testcase classname="sep21_TestNG.NewTest" name="Test1" time="0.001"/>
  <system-out/>
</testsuite> <!-- sep21_TestNG.NewTest -->
