<?xml version="1.0" encoding="UTF-8"?>
<!-- Generated by org.testng.reporters.JUnitReportReporter -->
<testsuite hostname="DESKTOP-BV3JCNJ" failures="0" tests="2" name="sep21_TestNG.Emp" time="0.004" errors="0" timestamp="2021-10-02T00:19:47 IST" skipped="1">
  <testcase classname="sep21_TestNG.Emp" name="Emp1" time="0.004"/>
  <system-out/>
  <testcase classname="sep21_TestNG.Emp" name="Emp2">
    <skipped/>
  </testcase> <!-- Emp2 -->
  <system-out/>
</testsuite> <!-- sep21_TestNG.Emp -->
