<?xml version="1.0" encoding="UTF-8"?>
<!-- Generated by org.testng.reporters.JUnitReportReporter -->
<testsuite hostname="DESKTOP-BV3JCNJ" failures="0" tests="1" name="sep21_TestNG.School" time="0.003" errors="0" timestamp="2021-10-02T00:19:47 IST" skipped="0">
  <testcase classname="sep21_TestNG.School" name="f" time="0.003"/>
  <system-out/>
</testsuite> <!-- sep21_TestNG.School -->
