<?xml version="1.0" encoding="UTF-8"?>
<!-- Generated by org.testng.reporters.JUnitReportReporter -->
<testsuite hostname="DESKTOP-BV3JCNJ" failures="0" tests="1" name="oct01_Log4J.LogfileImpl" time="0.072" errors="0" timestamp="2021-10-03T10:19:28 IST" skipped="0">
  <testcase classname="oct01_Log4J.LogfileImpl" name="Print" time="0.072"/>
  <system-out/>
</testsuite> <!-- oct01_Log4J.LogfileImpl -->
