<?xml version="1.0" encoding="UTF-8"?>
<!-- Generated by org.testng.reporters.JUnitReportReporter -->
<testsuite hostname="DESKTOP-BV3JCNJ" failures="0" tests="2" name="sep21_TestNG.Student" time="0.016" errors="0" timestamp="2021-10-02T00:19:47 IST" skipped="0">
  <testcase classname="sep21_TestNG.Student" name="Student2" time="0.013"/>
  <system-out/>
  <testcase classname="sep21_TestNG.Student" name="Student1" time="0.003"/>
  <system-out/>
</testsuite> <!-- sep21_TestNG.Student -->
