<?xml version="1.0" encoding="UTF-8"?>
<!-- Generated by org.testng.reporters.JUnitReportReporter -->
<testsuite hostname="DESKTOP-BV3JCNJ" failures="0" tests="1" name="sep29_Testcases.TC_HomePage" time="14.321" errors="0" timestamp="2021-10-04T23:29:44 IST" skipped="0">
  <testcase classname="sep29_Testcases.TC_HomePage" name="TC_HomePage_001" time="14.321"/>
  <system-out/>
</testsuite> <!-- sep29_Testcases.TC_HomePage -->
