<?xml version="1.0" encoding="UTF-8"?>
<!-- Generated by org.testng.reporters.JUnitReportReporter -->
<testsuite hostname="DESKTOP-BV3JCNJ" failures="0" tests="1" name="oct01_Log4J.LogTest" time="0.043" errors="0" timestamp="2021-10-03T09:09:07 IST" skipped="0">
  <testcase classname="oct01_Log4J.LogTest" name="Print" time="0.043"/>
  <system-out/>
</testsuite> <!-- oct01_Log4J.LogTest -->
